<?xml version="1.0" encoding="UTF-8"?>
<!-- Generated by org.testng.reporters.JUnitXMLReporter -->
<testsuite hostname="jayaselvam" ignored="0" name="Test" tests="9" failures="0" timestamp="19 Aug 2023 09:11:27 GMT" time="0.059" errors="0">
  <testcase name="tc31" time="0.012" classname="org.sampletng.SampleC"/>
  <testcase name="tc21" time="0.012" classname="org.sampletng.SampleB"/>
  <testcase name="tc1" time="0.012" classname="org.sampletng.SampleA"/>
  <testcase name="tc2" time="0.003" classname="org.sampletng.SampleA"/>
  <testcase name="tc32" time="0.006" classname="org.sampletng.SampleC"/>
  <testcase name="tc22" time="0.007" classname="org.sampletng.SampleB"/>
  <testcase name="tc33" time="0.002" classname="org.sampletng.SampleC"/>
  <testcase name="tc3" time="0.004" classname="org.sampletng.SampleA"/>
  <testcase name="tc23" time="0.001" classname="org.sampletng.SampleB"/>
</testsuite> <!-- Test -->
